<?xml version="1.0" encoding="UTF-8"?>
<!-- Generated by org.testng.reporters.JUnitXMLReporter -->
<testsuite ignored="0" hostname="IN-PG02NJQY" failures="0" tests="3" name="Create Partial Update Get Booking Operations" time="7.554" errors="0" timestamp="2023-08-23T15:18:46 IST">
  <testcase classname="curdoperations.CreatePartialUpadteDeleteBooking" name="createBooking" time="2.55"/>
  <testcase classname="curdoperations.CreatePartialUpadteDeleteBooking" name="partialUpdateBooking" time="2.444"/>
  <testcase classname="curdoperations.CreatePartialUpadteDeleteBooking" name="deleteBooking" time="2.553"/>
</testsuite> <!-- Create Partial Update Get Booking Operations -->
