<?xml version="1.0" encoding="UTF-8"?>
<!-- Generated by org.testng.reporters.JUnitXMLReporter -->
<testsuite ignored="0" hostname="IN-PG02NJQY" failures="0" tests="3" name="Create Update Get Booking Operations." time="8.429" errors="0" timestamp="2023-08-23T15:18:38 IST">
  <testcase classname="curdoperations.CreateUpdateGetBooking" name="createBooking" time="4.041"/>
  <testcase classname="curdoperations.CreateUpdateGetBooking" name="updateBooking" time="2.565"/>
  <testcase classname="curdoperations.CreateUpdateGetBooking" name="getBooking" time="1.247"/>
</testsuite> <!-- Create Update Get Booking Operations. -->
