<?xml version="1.0" encoding="UTF-8"?>
<!-- Generated by org.testng.reporters.JUnitXMLReporter -->
<testsuite ignored="0" hostname="IN-PG02NJQY" failures="0" tests="3" name="Test B" time="7.616" errors="0" timestamp="2023-08-23T12:34:31 IST">
  <testcase classname="curdoperations.CreatePartialUpadteDeleteBooking" name="createBooking" time="2.548"/>
  <testcase classname="curdoperations.CreatePartialUpadteDeleteBooking" name="partialUpdateBooking" time="2.6"/>
  <testcase classname="curdoperations.CreatePartialUpadteDeleteBooking" name="deleteBooking" time="2.448"/>
</testsuite> <!-- Test B -->
