<?xml version="1.0" encoding="UTF-8"?>
<!-- Generated by org.testng.reporters.JUnitXMLReporter -->
<testsuite ignored="0" hostname="IN-PG02NJQY" failures="0" tests="3" name="Test A" time="11.192" errors="0" timestamp="2023-08-23T12:34:23 IST">
  <testcase classname="curdoperations.CreateUpdateGetBooking" name="createBooking" time="6.03"/>
  <testcase classname="curdoperations.CreateUpdateGetBooking" name="updateBooking" time="2.532"/>
  <testcase classname="curdoperations.CreateUpdateGetBooking" name="getBooking" time="1.292"/>
</testsuite> <!-- Test A -->
