<?xml version="1.0" encoding="UTF-8"?>
<!-- Generated by org.testng.reporters.JUnitXMLReporter -->
<testsuite ignored="4" hostname="IN-PG02NJQY" failures="0" tests="6" name="Test" time="14.953" errors="0" timestamp="2023-08-21T16:20:02 IST">
  <testcase classname="curdoperations.CreatePartialUpadteDeleteBooking" name="createBooking" time="3.908"/>
  <testcase classname="curdoperations.CreatePartialUpadteDeleteBooking" name="partialUpdateBooking" time="2.439"/>
  <testcase classname="curdoperations.CreatePartialUpadteDeleteBooking" name="deleteBooking" time="2.479"/>
  <testcase classname="curdoperations.CreateUpdateGetBooking" name="createBooking" time="2.409"/>
  <testcase classname="curdoperations.CreateUpdateGetBooking" name="getBooking" time="1.17"/>
  <testcase classname="curdoperations.CreateUpdateGetBooking" name="updateBooking" time="2.389"/>
  <testcase classname="utils.BaseMethods" name="@AfterSuite tearDown" time="0.0">
    <ignored/>
  </testcase> <!-- @AfterSuite tearDown -->
  <testcase classname="utils.BaseMethods" name="@BeforeSuite setupInfo" time="0.0">
    <ignored/>
  </testcase> <!-- @BeforeSuite setupInfo -->
  <testcase classname="utils.BaseMethods" name="@AfterSuite tearDown" time="0.0">
    <ignored/>
  </testcase> <!-- @AfterSuite tearDown -->
  <testcase classname="utils.BaseMethods" name="@BeforeSuite setupInfo" time="0.0">
    <ignored/>
  </testcase> <!-- @BeforeSuite setupInfo -->
</testsuite> <!-- Test -->
