<?xml version="1.0" encoding="UTF-8"?>
<!-- Generated by org.testng.reporters.JUnitXMLReporter -->
<testsuite ignored="0" hostname="IN-PG02NJQY" failures="0" tests="3" name="Create Update Get Booking Operations." time="11.807" errors="0" timestamp="2023-08-23T15:03:35 IST">
  <testcase classname="curdoperations.CreateUpdateGetBooking" name="createBooking" time="6.301"/>
  <testcase classname="curdoperations.CreateUpdateGetBooking" name="updateBooking" time="2.638"/>
  <testcase classname="curdoperations.CreateUpdateGetBooking" name="getBooking" time="1.373"/>
</testsuite> <!-- Create Update Get Booking Operations. -->
