<?xml version="1.0" encoding="UTF-8"?>
<!-- Generated by org.testng.reporters.JUnitXMLReporter -->
<testsuite ignored="0" hostname="IN-PG02NJQY" failures="0" tests="3" name="Create Partial Update Get Booking Operations" time="7.7" errors="0" timestamp="2023-08-23T15:03:43 IST">
  <testcase classname="curdoperations.CreatePartialUpadteDeleteBooking" name="createBooking" time="2.643"/>
  <testcase classname="curdoperations.CreatePartialUpadteDeleteBooking" name="partialUpdateBooking" time="2.591"/>
  <testcase classname="curdoperations.CreatePartialUpadteDeleteBooking" name="deleteBooking" time="2.46"/>
</testsuite> <!-- Create Partial Update Get Booking Operations -->
