<?xml version="1.0" encoding="UTF-8"?>
<testng-results ignored="0" total="6" passed="6" failed="0" skipped="0">
  <reporter-output>
  </reporter-output>
  <suite started-at="2023-08-23T15:03:23 IST" name="Suite" finished-at="2023-08-23T15:03:43 IST" duration-ms="19986">
    <groups>
    </groups>
    <test started-at="2023-08-23T15:03:23 IST" name="Create Update Get Booking Operations." finished-at="2023-08-23T15:03:35 IST" duration-ms="11807">
      <class name="curdoperations.CreateUpdateGetBooking">
        <test-method signature="createBooking()[pri:1, instance:curdoperations.CreateUpdateGetBooking@62dae540]" started-at="2023-08-23T15:03:24 IST" name="createBooking" finished-at="2023-08-23T15:03:30 IST" duration-ms="6301" status="PASS">
          <reporter-output>
          </reporter-output>
        </test-method> <!-- createBooking -->
        <test-method signature="updateBooking()[pri:2, instance:curdoperations.CreateUpdateGetBooking@62dae540]" started-at="2023-08-23T15:03:31 IST" name="updateBooking" finished-at="2023-08-23T15:03:33 IST" duration-ms="2638" status="PASS">
          <reporter-output>
          </reporter-output>
        </test-method> <!-- updateBooking -->
        <test-method signature="getBooking()[pri:3, instance:curdoperations.CreateUpdateGetBooking@62dae540]" started-at="2023-08-23T15:03:33 IST" name="getBooking" finished-at="2023-08-23T15:03:35 IST" duration-ms="1373" status="PASS">
          <reporter-output>
          </reporter-output>
        </test-method> <!-- getBooking -->
      </class> <!-- curdoperations.CreateUpdateGetBooking -->
    </test> <!-- Create Update Get Booking Operations. -->
    <test started-at="2023-08-23T15:03:35 IST" name="Create Partial Update Get Booking Operations" finished-at="2023-08-23T15:03:43 IST" duration-ms="7700">
      <class name="curdoperations.CreatePartialUpadteDeleteBooking">
        <test-method signature="createBooking()[pri:1, instance:curdoperations.CreatePartialUpadteDeleteBooking@62fad19]" started-at="2023-08-23T15:03:35 IST" name="createBooking" finished-at="2023-08-23T15:03:38 IST" duration-ms="2643" status="PASS">
          <reporter-output>
          </reporter-output>
        </test-method> <!-- createBooking -->
        <test-method signature="partialUpdateBooking()[pri:2, instance:curdoperations.CreatePartialUpadteDeleteBooking@62fad19]" started-at="2023-08-23T15:03:38 IST" name="partialUpdateBooking" finished-at="2023-08-23T15:03:40 IST" duration-ms="2591" status="PASS">
          <reporter-output>
          </reporter-output>
        </test-method> <!-- partialUpdateBooking -->
        <test-method signature="deleteBooking()[pri:3, instance:curdoperations.CreatePartialUpadteDeleteBooking@62fad19]" started-at="2023-08-23T15:03:40 IST" name="deleteBooking" finished-at="2023-08-23T15:03:43 IST" duration-ms="2460" status="PASS">
          <reporter-output>
          </reporter-output>
        </test-method> <!-- deleteBooking -->
      </class> <!-- curdoperations.CreatePartialUpadteDeleteBooking -->
    </test> <!-- Create Partial Update Get Booking Operations -->
  </suite> <!-- Suite -->
</testng-results>
