<?xml version="1.0" encoding="UTF-8"?>
<testng-results ignored="0" total="6" passed="6" failed="0" skipped="0">
  <reporter-output>
  </reporter-output>
  <suite started-at="2023-08-23T15:18:29 IST" name="Suite" finished-at="2023-08-23T15:18:46 IST" duration-ms="16202">
    <groups>
    </groups>
    <test started-at="2023-08-23T15:18:29 IST" name="Create Update Get Booking Operations." finished-at="2023-08-23T15:18:38 IST" duration-ms="8429">
      <class name="curdoperations.CreateUpdateGetBooking">
        <test-method signature="createBooking()[pri:1, instance:curdoperations.CreateUpdateGetBooking@3c0fae6c]" started-at="2023-08-23T15:18:30 IST" name="createBooking" finished-at="2023-08-23T15:18:34 IST" duration-ms="4041" status="PASS">
          <reporter-output>
          </reporter-output>
        </test-method> <!-- createBooking -->
        <test-method signature="updateBooking()[pri:2, instance:curdoperations.CreateUpdateGetBooking@3c0fae6c]" started-at="2023-08-23T15:18:34 IST" name="updateBooking" finished-at="2023-08-23T15:18:37 IST" duration-ms="2565" status="PASS">
          <reporter-output>
          </reporter-output>
        </test-method> <!-- updateBooking -->
        <test-method signature="getBooking()[pri:3, instance:curdoperations.CreateUpdateGetBooking@3c0fae6c]" started-at="2023-08-23T15:18:37 IST" name="getBooking" finished-at="2023-08-23T15:18:38 IST" duration-ms="1247" status="PASS">
          <reporter-output>
          </reporter-output>
        </test-method> <!-- getBooking -->
      </class> <!-- curdoperations.CreateUpdateGetBooking -->
    </test> <!-- Create Update Get Booking Operations. -->
    <test started-at="2023-08-23T15:18:38 IST" name="Create Partial Update Get Booking Operations" finished-at="2023-08-23T15:18:46 IST" duration-ms="7554">
      <class name="curdoperations.CreatePartialUpadteDeleteBooking">
        <test-method signature="createBooking()[pri:1, instance:curdoperations.CreatePartialUpadteDeleteBooking@4fcee388]" started-at="2023-08-23T15:18:38 IST" name="createBooking" finished-at="2023-08-23T15:18:41 IST" duration-ms="2550" status="PASS">
          <reporter-output>
          </reporter-output>
        </test-method> <!-- createBooking -->
        <test-method signature="partialUpdateBooking()[pri:2, instance:curdoperations.CreatePartialUpadteDeleteBooking@4fcee388]" started-at="2023-08-23T15:18:41 IST" name="partialUpdateBooking" finished-at="2023-08-23T15:18:43 IST" duration-ms="2444" status="PASS">
          <reporter-output>
          </reporter-output>
        </test-method> <!-- partialUpdateBooking -->
        <test-method signature="deleteBooking()[pri:3, instance:curdoperations.CreatePartialUpadteDeleteBooking@4fcee388]" started-at="2023-08-23T15:18:43 IST" name="deleteBooking" finished-at="2023-08-23T15:18:46 IST" duration-ms="2553" status="PASS">
          <reporter-output>
          </reporter-output>
        </test-method> <!-- deleteBooking -->
      </class> <!-- curdoperations.CreatePartialUpadteDeleteBooking -->
    </test> <!-- Create Partial Update Get Booking Operations -->
  </suite> <!-- Suite -->
</testng-results>
